[debug] [2023-10-05T13:01:26.128Z] ----------------------------------------------------------------------
[debug] [2023-10-05T13:01:26.133Z] Command:       C:\Program Files\nodejs\node.exe C:\Users\bianc\AppData\Roaming\npm\node_modules\firebase-tools\lib\bin\firebase.js init
[debug] [2023-10-05T13:01:26.134Z] CLI Version:   12.6.2
[debug] [2023-10-05T13:01:26.136Z] Platform:      win32
[debug] [2023-10-05T13:01:26.137Z] Node Version:  v18.12.1
[debug] [2023-10-05T13:01:26.139Z] Time:          Thu Oct 05 2023 10:01:26 GMT-0300 (Horário Padrão de Brasília)
[debug] [2023-10-05T13:01:26.139Z] ----------------------------------------------------------------------
[debug] 
[debug] [2023-10-05T13:01:26.429Z] > command requires scopes: ["email","openid","https://www.googleapis.com/auth/cloudplatformprojects.readonly","https://www.googleapis.com/auth/firebase","https://www.googleapis.com/auth/cloud-platform"]
[debug] [2023-10-05T13:01:26.431Z] > authorizing via signed-in user (labcashnet@gmail.com)
[info] 
     ######## #### ########  ######## ########     ###     ######  ########
     ##        ##  ##     ## ##       ##     ##  ##   ##  ##       ##
     ######    ##  ########  ######   ########  #########  ######  ######
     ##        ##  ##    ##  ##       ##     ## ##     ##       ## ##
     ##       #### ##     ## ######## ########  ##     ##  ######  ########

You're about to initialize a Firebase project in this directory:

  D:\Documentos\LABORATORIA\SAP011-social-network

Before we get started, keep in mind:

  * You are initializing within an existing Firebase project directory

[info] 
=== Project Setup
[info] 
[info] First, let's associate this project directory with a Firebase project.
[info] You can create multiple project aliases by running firebase use --add, 
[info] but for now we'll just set up a default project.
[info] 
[debug] [2023-10-05T13:01:30.901Z] Using project from CLI flag: cashnet-fb028
[debug] [2023-10-05T13:01:30.907Z] >>> [apiv2][query] GET https://firebase.googleapis.com/v1beta1/projects/cashnet-fb028 [none]
[debug] [2023-10-05T13:01:31.562Z] <<< [apiv2][status] GET https://firebase.googleapis.com/v1beta1/projects/cashnet-fb028 200
[debug] [2023-10-05T13:01:31.563Z] <<< [apiv2][body] GET https://firebase.googleapis.com/v1beta1/projects/cashnet-fb028 {"projectId":"cashnet-fb028","projectNumber":"422620993496","displayName":"cashNet","name":"projects/cashnet-fb028","resources":{"hostingSite":"cashnet-fb028","realtimeDatabaseInstance":"cashnet-fb028-default-rtdb"},"state":"ACTIVE","etag":"1_52af6b77-b88d-42e7-a782-1a8d8075cf5f"}
[info] i  Using project cashnet-fb028 (cashNet) 
[info] 
=== Hosting Setup
[info] 
[info] Your public directory is the folder (relative to your project directory) that
[info] will contain Hosting assets to be uploaded with firebase deploy. If you
[info] have a build process for your assets, use your build's output directory.
[info] 
